{"uid":"f237f3d4192fe4b8","name":"Visual check of the broken Home page after burger button click","fullName":"Tests.test_Visual.TestVisual#test_5","historyId":"90887a40a5206a07d4cd02108ad0ff5f","time":{"start":1739069044803,"stop":1739069051130,"duration":6327},"status":"failed","statusMessage":"AssertionError: FAILURE: \ntest_Visual.py:58 in test_5() -> visual_comparison(driver, \"home_page\", \"after_burger_button_click\")\nVisualChack.py:29 in visual_comparison() -> with check, allure.step(f\"Visual check for {path} in {i} iteration\"):\nVisualChack.py:40 in visual_comparison -> assert mismatch == 0\nAssertionError\n\n\nFAILURE: \n------------------------------------------------------------\nFailed Checks: 2","statusTrace":"FAILURE: \ntest_Visual.py:58 in test_5() -> visual_comparison(driver, \"home_page\", \"after_burger_button_click\")\nVisualChack.py:29 in visual_comparison() -> with check, allure.step(f\"Visual check for {path} in {i} iteration\"):\nVisualChack.py:40 in visual_comparison -> assert mismatch == 0\nAssertionError\n\n\nFAILURE: \n------------------------------------------------------------\nFailed Checks: 2","flaky":false,"newFailed":false,"newBroken":false,"newPassed":false,"retriesCount":0,"retriesStatusChange":false,"beforeStages":[{"name":"driver","time":{"start":1739069035968,"stop":1739069036262,"duration":294},"status":"passed","steps":[],"attachments":[],"parameters":[],"shouldDisplayMessage":false,"stepsCount":0,"attachmentsCount":0,"hasContent":false,"attachmentStep":false}],"testStage":{"status":"failed","statusMessage":"AssertionError: FAILURE: \ntest_Visual.py:58 in test_5() -> visual_comparison(driver, \"home_page\", \"after_burger_button_click\")\nVisualChack.py:29 in visual_comparison() -> with check, allure.step(f\"Visual check for {path} in {i} iteration\"):\nVisualChack.py:40 in visual_comparison -> assert mismatch == 0\nAssertionError\n\n\nFAILURE: \n------------------------------------------------------------\nFailed Checks: 2","statusTrace":"FAILURE: \ntest_Visual.py:58 in test_5() -> visual_comparison(driver, \"home_page\", \"after_burger_button_click\")\nVisualChack.py:29 in visual_comparison() -> with check, allure.step(f\"Visual check for {path} in {i} iteration\"):\nVisualChack.py:40 in visual_comparison -> assert mismatch == 0\nAssertionError\n\n\nFAILURE: \n------------------------------------------------------------\nFailed Checks: 2","steps":[{"name":"Visual check for home_page in 1 iteration","time":{"start":1739069048492,"stop":1739069048586,"duration":94},"status":"failed","statusMessage":"AssertionError\n","statusTrace":"  File \"/home/runner/work/new_demo_project/new_demo_project/Common/VisualChack.py\", line 40, in visual_comparison\n    assert mismatch == 0\n           ^^^^^^^^^^^^^\n","steps":[],"attachments":[{"uid":"35f8a883189fa355","name":"screenshot","source":"35f8a883189fa355.png","type":"image/png","size":85259}],"parameters":[],"shouldDisplayMessage":true,"stepsCount":0,"attachmentsCount":1,"hasContent":true,"attachmentStep":false},{"name":"Visual check for home_page in 2 iteration","time":{"start":1739069051039,"stop":1739069051126,"duration":87},"status":"failed","statusMessage":"AssertionError\n","statusTrace":"  File \"/home/runner/work/new_demo_project/new_demo_project/Common/VisualChack.py\", line 40, in visual_comparison\n    assert mismatch == 0\n           ^^^^^^^^^^^^^\n","steps":[],"attachments":[{"uid":"224a9c0e3d22d416","name":"screenshot","source":"224a9c0e3d22d416.png","type":"image/png","size":77452}],"parameters":[],"shouldDisplayMessage":true,"stepsCount":0,"attachmentsCount":1,"hasContent":true,"attachmentStep":false}],"attachments":[],"parameters":[],"shouldDisplayMessage":true,"stepsCount":2,"attachmentsCount":2,"hasContent":true,"attachmentStep":false},"afterStages":[{"name":"driver::0","time":{"start":1739069051130,"stop":1739069051201,"duration":71},"status":"passed","steps":[],"attachments":[],"parameters":[],"shouldDisplayMessage":false,"stepsCount":0,"attachmentsCount":0,"hasContent":false,"attachmentStep":false}],"labels":[{"name":"severity","value":"normal"},{"name":"feature","value":"Home page"},{"name":"parentSuite","value":"Tests"},{"name":"suite","value":"test_Visual"},{"name":"subSuite","value":"TestVisual"},{"name":"host","value":"fv-az1334-738"},{"name":"thread","value":"1964-MainThread"},{"name":"framework","value":"pytest"},{"name":"language","value":"cpython3"},{"name":"package","value":"Tests.test_Visual"},{"name":"resultFormat","value":"allure2"}],"parameters":[{"name":"driver","value":"'Chrome'"}],"links":[],"hidden":true,"retry":true,"extra":{"categories":[],"tags":[]},"source":"f237f3d4192fe4b8.json","parameterValues":["'Chrome'"]}