{"uid":"1de0a9b0afcdb333","name":"Visual check of the broken Home page","fullName":"Tests.test_Visual.TestVisual#test_4","historyId":"a63d0da9aa898c4e205a4c9fa4714c3e","time":{"start":1738310783584,"stop":1738310788945,"duration":5361},"status":"failed","statusMessage":"AssertionError: FAILURE: \ntest_Visual.py:48 in test_4() -> visual_comparison(driver, \"home_page\", \"main\")\nVisualChack.py:29 in visual_comparison() -> with check, allure.step(f\"Visual check for {path} in {i} iteration\"):\nVisualChack.py:40 in visual_comparison -> assert mismatch == 0\nAssertionError\n\n\nFAILURE: \n------------------------------------------------------------\nFailed Checks: 2","statusTrace":"FAILURE: \ntest_Visual.py:48 in test_4() -> visual_comparison(driver, \"home_page\", \"main\")\nVisualChack.py:29 in visual_comparison() -> with check, allure.step(f\"Visual check for {path} in {i} iteration\"):\nVisualChack.py:40 in visual_comparison -> assert mismatch == 0\nAssertionError\n\n\nFAILURE: \n------------------------------------------------------------\nFailed Checks: 2","flaky":false,"newFailed":false,"newBroken":false,"newPassed":false,"retriesCount":0,"retriesStatusChange":false,"beforeStages":[{"name":"driver","time":{"start":1738310779371,"stop":1738310780131,"duration":760},"status":"passed","steps":[],"attachments":[],"parameters":[],"shouldDisplayMessage":false,"stepsCount":0,"attachmentsCount":0,"hasContent":false,"attachmentStep":false}],"testStage":{"status":"failed","statusMessage":"AssertionError: FAILURE: \ntest_Visual.py:48 in test_4() -> visual_comparison(driver, \"home_page\", \"main\")\nVisualChack.py:29 in visual_comparison() -> with check, allure.step(f\"Visual check for {path} in {i} iteration\"):\nVisualChack.py:40 in visual_comparison -> assert mismatch == 0\nAssertionError\n\n\nFAILURE: \n------------------------------------------------------------\nFailed Checks: 2","statusTrace":"FAILURE: \ntest_Visual.py:48 in test_4() -> visual_comparison(driver, \"home_page\", \"main\")\nVisualChack.py:29 in visual_comparison() -> with check, allure.step(f\"Visual check for {path} in {i} iteration\"):\nVisualChack.py:40 in visual_comparison -> assert mismatch == 0\nAssertionError\n\n\nFAILURE: \n------------------------------------------------------------\nFailed Checks: 2","steps":[{"name":"Visual check for home_page in 1 iteration","time":{"start":1738310786314,"stop":1738310786400,"duration":86},"status":"failed","statusMessage":"AssertionError\n","statusTrace":"  File \"/home/runner/work/new_demo_project/new_demo_project/Common/VisualChack.py\", line 40, in visual_comparison\n    assert mismatch == 0\n           ^^^^^^^^^^^^^\n","steps":[],"attachments":[{"uid":"ac939f7afab494d3","name":"screenshot","source":"ac939f7afab494d3.png","type":"image/png","size":72984}],"parameters":[],"shouldDisplayMessage":true,"stepsCount":0,"attachmentsCount":1,"hasContent":true,"attachmentStep":false},{"name":"Visual check for home_page in 2 iteration","time":{"start":1738310788847,"stop":1738310788940,"duration":93},"status":"failed","statusMessage":"AssertionError\n","statusTrace":"  File \"/home/runner/work/new_demo_project/new_demo_project/Common/VisualChack.py\", line 40, in visual_comparison\n    assert mismatch == 0\n           ^^^^^^^^^^^^^\n","steps":[],"attachments":[{"uid":"1d617eb83196bff","name":"screenshot","source":"1d617eb83196bff.png","type":"image/png","size":87082}],"parameters":[],"shouldDisplayMessage":true,"stepsCount":0,"attachmentsCount":1,"hasContent":true,"attachmentStep":false}],"attachments":[],"parameters":[],"shouldDisplayMessage":true,"stepsCount":2,"attachmentsCount":2,"hasContent":true,"attachmentStep":false},"afterStages":[{"name":"driver::0","time":{"start":1738310795051,"stop":1738310795125,"duration":74},"status":"passed","steps":[],"attachments":[],"parameters":[],"shouldDisplayMessage":false,"stepsCount":0,"attachmentsCount":0,"hasContent":false,"attachmentStep":false}],"labels":[{"name":"severity","value":"normal"},{"name":"feature","value":"Home page"},{"name":"parentSuite","value":"Tests"},{"name":"suite","value":"test_Visual"},{"name":"subSuite","value":"TestVisual"},{"name":"host","value":"fv-az1940-417"},{"name":"thread","value":"1956-MainThread"},{"name":"framework","value":"pytest"},{"name":"language","value":"cpython3"},{"name":"package","value":"Tests.test_Visual"},{"name":"resultFormat","value":"allure2"}],"parameters":[{"name":"driver","value":"'Chrome'"}],"links":[],"hidden":false,"retry":false,"extra":{"severity":"normal","retries":[],"categories":[{"name":"Product defects","matchedStatuses":[],"flaky":false}],"tags":[]},"source":"1de0a9b0afcdb333.json","parameterValues":["'Chrome'"]}