{"name": "Successful login", "status": "failed", "statusDetails": {"message": "AssertionError: FAILURE: \ntest_Login.py:57 in test_2() -> check_with_screenshot(\nBaseClass.py:19 in check_with_screenshot() -> with check, allure.step(message):\nBaseClass.py:26 in check_with_screenshot -> assert cond\nAssertionError\n\n\n------------------------------------------------------------\nFailed Checks: 1", "trace": "FAILURE: \ntest_Login.py:57 in test_2() -> check_with_screenshot(\nBaseClass.py:19 in check_with_screenshot() -> with check, allure.step(message):\nBaseClass.py:26 in check_with_screenshot -> assert cond\nAssertionError\n\n\n------------------------------------------------------------\nFailed Checks: 1"}, "steps": [{"name": "The app logo is visible after login", "status": "passed", "start": 1737703771018, "stop": 1737703771018}, {"name": "The app logo text is correct after login", "status": "failed", "statusDetails": {"message": "AssertionError\n", "trace": "  File \"/home/runner/work/new_demo_project/new_demo_project/Common/BaseClass.py\", line 26, in check_with_screenshot\n    assert cond\n           ^^^^\n"}, "attachments": [{"name": "screenshot", "source": "c0237378-e9a8-439b-a574-cb16eb88e37a-attachment.png", "type": "image/png"}], "start": 1737703771033, "stop": 1737703771168}, {"name": "The items are visible after login", "status": "passed", "start": 1737703771181, "stop": 1737703771181}], "parameters": [{"name": "driver", "value": "'Edge'"}], "start": 1737703770650, "stop": 1737703771358, "uuid": "f37cbdff-0e76-47f6-9e44-90ad1846db8d", "historyId": "52a9db77aa75b6c2b89b4da254d7daf1", "testCaseId": "c2811b1721d8231bbb0fb40778ae099c", "fullName": "Tests.test_Login.TestLogin#test_2", "labels": [{"name": "feature", "value": "Login"}, {"name": "severity", "value": "critical"}, {"name": "parentSuite", "value": "Tests"}, {"name": "suite", "value": "test_Login"}, {"name": "subSuite", "value": "TestLogin"}, {"name": "host", "value": "fv-az2032-218"}, {"name": "thread", "value": "1943-MainThread"}, {"name": "framework", "value": "pytest"}, {"name": "language", "value": "cpython3"}, {"name": "package", "value": "Tests.test_Login"}]}