{"name": "Visual check of the broken Home page", "status": "failed", "statusDetails": {"message": "AssertionError: FAILURE: \ntest_Visual.py:48 in test_4() -> visual_comparison(driver, \"home_page\", \"main\")\nVisualChack.py:29 in visual_comparison() -> with check, allure.step(f\"Visual check for {path} in {i} iteration\"):\nVisualChack.py:40 in visual_comparison -> assert mismatch == 0\nAssertionError\n\n\nFAILURE: \n------------------------------------------------------------\nFailed Checks: 2", "trace": "FAILURE: \ntest_Visual.py:48 in test_4() -> visual_comparison(driver, \"home_page\", \"main\")\nVisualChack.py:29 in visual_comparison() -> with check, allure.step(f\"Visual check for {path} in {i} iteration\"):\nVisualChack.py:40 in visual_comparison -> assert mismatch == 0\nAssertionError\n\n\nFAILURE: \n------------------------------------------------------------\nFailed Checks: 2"}, "steps": [{"name": "Visual check for home_page in 1 iteration", "status": "failed", "statusDetails": {"message": "AssertionError\n", "trace": "  File \"/home/runner/work/new_demo_project/new_demo_project/Common/VisualChack.py\", line 40, in visual_comparison\n    assert mismatch == 0\n           ^^^^^^^^^^^^^\n"}, "attachments": [{"name": "screenshot", "source": "d8bfc2ed-2bb7-406c-8022-559308be645a-attachment.png", "type": "image/png"}], "start": 1739069052221, "stop": 1739069052320}, {"name": "Visual check for home_page in 2 iteration", "status": "failed", "statusDetails": {"message": "AssertionError\n", "trace": "  File \"/home/runner/work/new_demo_project/new_demo_project/Common/VisualChack.py\", line 40, in visual_comparison\n    assert mismatch == 0\n           ^^^^^^^^^^^^^\n"}, "attachments": [{"name": "screenshot", "source": "8dc06aca-110f-4983-baf5-9ebd44d22516-attachment.png", "type": "image/png"}], "start": 1739069054841, "stop": 1739069054934}], "parameters": [{"name": "driver", "value": "'Chrome'"}], "start": 1739069049567, "stop": 1739069054938, "uuid": "3e7a7ba6-0249-4dac-bddf-481b7d49762f", "historyId": "a63d0da9aa898c4e205a4c9fa4714c3e", "testCaseId": "75bd2d1763892b848a63ac394c5b5368", "fullName": "Tests.test_Visual.TestVisual#test_4", "labels": [{"name": "feature", "value": "Home page"}, {"name": "severity", "value": "normal"}, {"name": "parentSuite", "value": "Tests"}, {"name": "suite", "value": "test_Visual"}, {"name": "subSuite", "value": "TestVisual"}, {"name": "host", "value": "fv-az1334-738"}, {"name": "thread", "value": "1949-MainThread"}, {"name": "framework", "value": "pytest"}, {"name": "language", "value": "cpython3"}, {"name": "package", "value": "Tests.test_Visual"}]}