{"name": "Visual check of the broken Home page", "status": "failed", "statusDetails": {"message": "AssertionError: FAILURE: \ntest_Visual.py:48 in test_4() -> visual_comparison(driver, \"home_page\", \"main\")\nVisualChack.py:29 in visual_comparison() -> with check, allure.step(f\"Visual check for {path} in {i} iteration\"):\nVisualChack.py:40 in visual_comparison -> assert mismatch == 0\nAssertionError\n\n\nFAILURE: \n------------------------------------------------------------\nFailed Checks: 2", "trace": "FAILURE: \ntest_Visual.py:48 in test_4() -> visual_comparison(driver, \"home_page\", \"main\")\nVisualChack.py:29 in visual_comparison() -> with check, allure.step(f\"Visual check for {path} in {i} iteration\"):\nVisualChack.py:40 in visual_comparison -> assert mismatch == 0\nAssertionError\n\n\nFAILURE: \n------------------------------------------------------------\nFailed Checks: 2"}, "steps": [{"name": "Visual check for home_page in 1 iteration", "status": "failed", "statusDetails": {"message": "AssertionError\n", "trace": "  File \"/home/runner/work/new_demo_project/new_demo_project/Common/VisualChack.py\", line 40, in visual_comparison\n    assert mismatch == 0\n           ^^^^^^^^^^^^^\n"}, "attachments": [{"name": "screenshot", "source": "81efb81a-8902-41f1-b023-6d726616da36-attachment.png", "type": "image/png"}], "start": 1738464156195, "stop": 1738464156292}, {"name": "Visual check for home_page in 2 iteration", "status": "failed", "statusDetails": {"message": "AssertionError\n", "trace": "  File \"/home/runner/work/new_demo_project/new_demo_project/Common/VisualChack.py\", line 40, in visual_comparison\n    assert mismatch == 0\n           ^^^^^^^^^^^^^\n"}, "attachments": [{"name": "screenshot", "source": "7b5c06b9-809c-4862-a94a-014b2f36b19e-attachment.png", "type": "image/png"}], "start": 1738464158899, "stop": 1738464158991}], "parameters": [{"name": "driver", "value": "'Chrome'"}], "start": 1738464153473, "stop": 1738464158996, "uuid": "accf1a2d-bfe1-4e45-97c7-cbd07645ea8a", "historyId": "a63d0da9aa898c4e205a4c9fa4714c3e", "testCaseId": "75bd2d1763892b848a63ac394c5b5368", "fullName": "Tests.test_Visual.TestVisual#test_4", "labels": [{"name": "severity", "value": "normal"}, {"name": "feature", "value": "Home page"}, {"name": "parentSuite", "value": "Tests"}, {"name": "suite", "value": "test_Visual"}, {"name": "subSuite", "value": "TestVisual"}, {"name": "host", "value": "fv-az1951-845"}, {"name": "thread", "value": "1931-MainThread"}, {"name": "framework", "value": "pytest"}, {"name": "language", "value": "cpython3"}, {"name": "package", "value": "Tests.test_Visual"}]}