{"name": "Visual check of the broken Home page after burger button click", "status": "failed", "statusDetails": {"message": "AssertionError: FAILURE: \ntest_Visual.py:58 in test_5() -> visual_comparison(driver, \"home_page\", \"after_burger_button_click\")\nVisualChack.py:29 in visual_comparison() -> with check, allure.step(f\"Visual check for {path} in {i} iteration\"):\nVisualChack.py:40 in visual_comparison -> assert mismatch == 0\nAssertionError\n\n\nFAILURE: \n------------------------------------------------------------\nFailed Checks: 2", "trace": "FAILURE: \ntest_Visual.py:58 in test_5() -> visual_comparison(driver, \"home_page\", \"after_burger_button_click\")\nVisualChack.py:29 in visual_comparison() -> with check, allure.step(f\"Visual check for {path} in {i} iteration\"):\nVisualChack.py:40 in visual_comparison -> assert mismatch == 0\nAssertionError\n\n\nFAILURE: \n------------------------------------------------------------\nFailed Checks: 2"}, "steps": [{"name": "Visual check for home_page in 1 iteration", "status": "failed", "statusDetails": {"message": "AssertionError\n", "trace": "  File \"/home/runner/work/new_demo_project/new_demo_project/Common/VisualChack.py\", line 40, in visual_comparison\n    assert mismatch == 0\n           ^^^^^^^^^^^^^\n"}, "attachments": [{"name": "screenshot", "source": "c8a7212a-b319-4ed9-b51a-59bccd26ab16-attachment.png", "type": "image/png"}], "start": 1739069058504, "stop": 1739069058599}, {"name": "Visual check for home_page in 2 iteration", "status": "failed", "statusDetails": {"message": "AssertionError\n", "trace": "  File \"/home/runner/work/new_demo_project/new_demo_project/Common/VisualChack.py\", line 40, in visual_comparison\n    assert mismatch == 0\n           ^^^^^^^^^^^^^\n"}, "attachments": [{"name": "screenshot", "source": "d61868cc-b498-4f78-88e5-01ef6cced987-attachment.png", "type": "image/png"}], "start": 1739069060991, "stop": 1739069061078}], "parameters": [{"name": "driver", "value": "'Chrome'"}], "start": 1739069054940, "stop": 1739069061082, "uuid": "de276db8-d541-4c34-b69b-40c72de62935", "historyId": "90887a40a5206a07d4cd02108ad0ff5f", "testCaseId": "6859598ad5c13c7ccc938efad1b00745", "fullName": "Tests.test_Visual.TestVisual#test_5", "labels": [{"name": "feature", "value": "Home page"}, {"name": "severity", "value": "normal"}, {"name": "parentSuite", "value": "Tests"}, {"name": "suite", "value": "test_Visual"}, {"name": "subSuite", "value": "TestVisual"}, {"name": "host", "value": "fv-az1334-738"}, {"name": "thread", "value": "1949-MainThread"}, {"name": "framework", "value": "pytest"}, {"name": "language", "value": "cpython3"}, {"name": "package", "value": "Tests.test_Visual"}]}