{"name": "Successful login", "status": "failed", "statusDetails": {"message": "AssertionError: FAILURE: \ntest_Login.py:57 in test_2() -> check_with_screenshot(\nBaseClass.py:19 in check_with_screenshot() -> with check, allure.step(message):\nBaseClass.py:26 in check_with_screenshot -> assert cond\nAssertionError\n\n\n------------------------------------------------------------\nFailed Checks: 1", "trace": "FAILURE: \ntest_Login.py:57 in test_2() -> check_with_screenshot(\nBaseClass.py:19 in check_with_screenshot() -> with check, allure.step(message):\nBaseClass.py:26 in check_with_screenshot -> assert cond\nAssertionError\n\n\n------------------------------------------------------------\nFailed Checks: 1"}, "steps": [{"name": "The app logo is visible after login", "status": "passed", "start": 1738464107380, "stop": 1738464107380}, {"name": "The app logo text is correct after login", "status": "failed", "statusDetails": {"message": "AssertionError\n", "trace": "  File \"/home/runner/work/new_demo_project/new_demo_project/Common/BaseClass.py\", line 26, in check_with_screenshot\n    assert cond\n           ^^^^\n"}, "attachments": [{"name": "screenshot", "source": "10376d12-4912-425b-8077-bfa0470fb218-attachment.png", "type": "image/png"}], "start": 1738464107394, "stop": 1738464107509}, {"name": "The items are visible after login", "status": "passed", "start": 1738464107521, "stop": 1738464107521}], "parameters": [{"name": "driver", "value": "'Chrome'"}], "start": 1738464107207, "stop": 1738464107674, "uuid": "a8f3b5a9-84c3-492c-abf1-1c4597160f1a", "historyId": "ce04ae5da7eb2137a09a57b9b398f855", "testCaseId": "c2811b1721d8231bbb0fb40778ae099c", "fullName": "Tests.test_Login.TestLogin#test_2", "labels": [{"name": "feature", "value": "Login"}, {"name": "severity", "value": "critical"}, {"name": "parentSuite", "value": "Tests"}, {"name": "suite", "value": "test_Login"}, {"name": "subSuite", "value": "TestLogin"}, {"name": "host", "value": "fv-az1338-766"}, {"name": "thread", "value": "2031-MainThread"}, {"name": "framework", "value": "pytest"}, {"name": "language", "value": "cpython3"}, {"name": "package", "value": "Tests.test_Login"}]}