{"name": "Visual check of the broken Home page after burger button click", "status": "failed", "statusDetails": {"message": "AssertionError: FAILURE: \ntest_Visual.py:58 in test_5() -> visual_comparison(driver, \"home_page\", \"after_burger_button_click\")\nVisualChack.py:29 in visual_comparison() -> with check, allure.step(f\"Visual check for {path} in {i} iteration\"):\nVisualChack.py:40 in visual_comparison -> assert mismatch == 0\nAssertionError\n\n\nFAILURE: \n------------------------------------------------------------\nFailed Checks: 2", "trace": "FAILURE: \ntest_Visual.py:58 in test_5() -> visual_comparison(driver, \"home_page\", \"after_burger_button_click\")\nVisualChack.py:29 in visual_comparison() -> with check, allure.step(f\"Visual check for {path} in {i} iteration\"):\nVisualChack.py:40 in visual_comparison -> assert mismatch == 0\nAssertionError\n\n\nFAILURE: \n------------------------------------------------------------\nFailed Checks: 2"}, "steps": [{"name": "Visual check for home_page in 1 iteration", "status": "failed", "statusDetails": {"message": "AssertionError\n", "trace": "  File \"/home/runner/work/new_demo_project/new_demo_project/Common/VisualChack.py\", line 40, in visual_comparison\n    assert mismatch == 0\n           ^^^^^^^^^^^^^\n"}, "attachments": [{"name": "screenshot", "source": "71550ef0-cd34-43f4-add7-169e2a44d159-attachment.png", "type": "image/png"}], "start": 1739674100223, "stop": 1739674100318}, {"name": "Visual check for home_page in 2 iteration", "status": "failed", "statusDetails": {"message": "AssertionError\n", "trace": "  File \"/home/runner/work/new_demo_project/new_demo_project/Common/VisualChack.py\", line 40, in visual_comparison\n    assert mismatch == 0\n           ^^^^^^^^^^^^^\n"}, "attachments": [{"name": "screenshot", "source": "476639a5-4442-4320-bcf1-60dd41ee4852-attachment.png", "type": "image/png"}], "start": 1739674102777, "stop": 1739674102865}], "parameters": [{"name": "driver", "value": "'Chrome'"}], "start": 1739674096570, "stop": 1739674102869, "uuid": "3901f931-debe-4106-b25f-57531aedf627", "historyId": "90887a40a5206a07d4cd02108ad0ff5f", "testCaseId": "6859598ad5c13c7ccc938efad1b00745", "fullName": "Tests.test_Visual.TestVisual#test_5", "labels": [{"name": "feature", "value": "Home page"}, {"name": "severity", "value": "normal"}, {"name": "parentSuite", "value": "Tests"}, {"name": "suite", "value": "test_Visual"}, {"name": "subSuite", "value": "TestVisual"}, {"name": "host", "value": "fv-az1335-749"}, {"name": "thread", "value": "1971-MainThread"}, {"name": "framework", "value": "pytest"}, {"name": "language", "value": "cpython3"}, {"name": "package", "value": "Tests.test_Visual"}]}