{"name": "Successful login", "status": "failed", "statusDetails": {"message": "AssertionError: FAILURE: \ntest_Login.py:57 in test_2() -> check_with_screenshot(\nBaseClass.py:19 in check_with_screenshot() -> with check, allure.step(message):\nBaseClass.py:26 in check_with_screenshot -> assert cond\nAssertionError\n\n\n------------------------------------------------------------\nFailed Checks: 1", "trace": "FAILURE: \ntest_Login.py:57 in test_2() -> check_with_screenshot(\nBaseClass.py:19 in check_with_screenshot() -> with check, allure.step(message):\nBaseClass.py:26 in check_with_screenshot -> assert cond\nAssertionError\n\n\n------------------------------------------------------------\nFailed Checks: 1"}, "steps": [{"name": "The app logo is visible after login", "status": "passed", "start": 1737700024177, "stop": 1737700024177}, {"name": "The app logo text is correct after login", "status": "failed", "statusDetails": {"message": "AssertionError\n", "trace": "  File \"/home/runner/work/new_demo_project/new_demo_project/Common/BaseClass.py\", line 26, in check_with_screenshot\n    assert cond\n           ^^^^\n"}, "attachments": [{"name": "screenshot", "source": "9c0eb83f-c28b-4607-a8b0-f2c6d3bf635d-attachment.png", "type": "image/png"}], "start": 1737700024192, "stop": 1737700024315}, {"name": "The items are visible after login", "status": "passed", "start": 1737700024327, "stop": 1737700024327}], "parameters": [{"name": "driver", "value": "'Chrome'"}], "start": 1737700024001, "stop": 1737700024488, "uuid": "fa5c8974-1f3b-40c6-9bd0-41d2ae165c1e", "historyId": "ce04ae5da7eb2137a09a57b9b398f855", "testCaseId": "c2811b1721d8231bbb0fb40778ae099c", "fullName": "Tests.test_Login.TestLogin#test_2", "labels": [{"name": "feature", "value": "Login"}, {"name": "severity", "value": "critical"}, {"name": "parentSuite", "value": "Tests"}, {"name": "suite", "value": "test_Login"}, {"name": "subSuite", "value": "TestLogin"}, {"name": "host", "value": "fv-az1372-303"}, {"name": "thread", "value": "1972-MainThread"}, {"name": "framework", "value": "pytest"}, {"name": "language", "value": "cpython3"}, {"name": "package", "value": "Tests.test_Login"}]}