{"name": "Visual check of the broken Home page after burger button click", "status": "failed", "statusDetails": {"message": "AssertionError: FAILURE: \ntest_Visual.py:58 in test_5() -> visual_comparison(driver, \"home_page\", \"after_burger_button_click\")\nVisualChack.py:29 in visual_comparison() -> with check, allure.step(f\"Visual check for {path} in {i} iteration\"):\nVisualChack.py:40 in visual_comparison -> assert mismatch == 0\nAssertionError\n\n\nFAILURE: \n------------------------------------------------------------\nFailed Checks: 2", "trace": "FAILURE: \ntest_Visual.py:58 in test_5() -> visual_comparison(driver, \"home_page\", \"after_burger_button_click\")\nVisualChack.py:29 in visual_comparison() -> with check, allure.step(f\"Visual check for {path} in {i} iteration\"):\nVisualChack.py:40 in visual_comparison -> assert mismatch == 0\nAssertionError\n\n\nFAILURE: \n------------------------------------------------------------\nFailed Checks: 2"}, "steps": [{"name": "Visual check for home_page in 1 iteration", "status": "failed", "statusDetails": {"message": "AssertionError\n", "trace": "  File \"/home/runner/work/new_demo_project/new_demo_project/Common/VisualChack.py\", line 40, in visual_comparison\n    assert mismatch == 0\n           ^^^^^^^^^^^^^\n"}, "attachments": [{"name": "screenshot", "source": "4916cfae-1440-4c44-b5d5-1b42b6c1f73e-attachment.png", "type": "image/png"}], "start": 1739069048492, "stop": 1739069048586}, {"name": "Visual check for home_page in 2 iteration", "status": "failed", "statusDetails": {"message": "AssertionError\n", "trace": "  File \"/home/runner/work/new_demo_project/new_demo_project/Common/VisualChack.py\", line 40, in visual_comparison\n    assert mismatch == 0\n           ^^^^^^^^^^^^^\n"}, "attachments": [{"name": "screenshot", "source": "a2890c6e-b557-4512-9905-87c2b2720bab-attachment.png", "type": "image/png"}], "start": 1739069051039, "stop": 1739069051126}], "parameters": [{"name": "driver", "value": "'Chrome'"}], "start": 1739069044803, "stop": 1739069051130, "uuid": "6a07d2a4-4696-4d5d-96f6-0d80d207c349", "historyId": "90887a40a5206a07d4cd02108ad0ff5f", "testCaseId": "6859598ad5c13c7ccc938efad1b00745", "fullName": "Tests.test_Visual.TestVisual#test_5", "labels": [{"name": "severity", "value": "normal"}, {"name": "feature", "value": "Home page"}, {"name": "parentSuite", "value": "Tests"}, {"name": "suite", "value": "test_Visual"}, {"name": "subSuite", "value": "TestVisual"}, {"name": "host", "value": "fv-az1334-738"}, {"name": "thread", "value": "1964-MainThread"}, {"name": "framework", "value": "pytest"}, {"name": "language", "value": "cpython3"}, {"name": "package", "value": "Tests.test_Visual"}]}