{"name": "Successful login", "status": "failed", "statusDetails": {"message": "AssertionError: FAILURE: \ntest_Login.py:57 in test_2() -> check_with_screenshot(\nBaseClass.py:19 in check_with_screenshot() -> with check, allure.step(message):\nBaseClass.py:26 in check_with_screenshot -> assert cond\nAssertionError\n\n\n------------------------------------------------------------\nFailed Checks: 1", "trace": "FAILURE: \ntest_Login.py:57 in test_2() -> check_with_screenshot(\nBaseClass.py:19 in check_with_screenshot() -> with check, allure.step(message):\nBaseClass.py:26 in check_with_screenshot -> assert cond\nAssertionError\n\n\n------------------------------------------------------------\nFailed Checks: 1"}, "steps": [{"name": "The app logo is visible after login", "status": "passed", "start": 1737859321686, "stop": 1737859321686}, {"name": "The app logo text is correct after login", "status": "failed", "statusDetails": {"message": "AssertionError\n", "trace": "  File \"/home/runner/work/new_demo_project/new_demo_project/Common/BaseClass.py\", line 26, in check_with_screenshot\n    assert cond\n           ^^^^\n"}, "attachments": [{"name": "screenshot", "source": "77284c39-ff05-4c48-a8e4-ff435da48e63-attachment.png", "type": "image/png"}], "start": 1737859321701, "stop": 1737859321825}, {"name": "The items are visible after login", "status": "passed", "start": 1737859321838, "stop": 1737859321838}], "parameters": [{"name": "driver", "value": "'Chrome'"}], "start": 1737859321508, "stop": 1737859322016, "uuid": "eaadb307-ed4a-49a3-8cc7-adc4a17d3a56", "historyId": "ce04ae5da7eb2137a09a57b9b398f855", "testCaseId": "c2811b1721d8231bbb0fb40778ae099c", "fullName": "Tests.test_Login.TestLogin#test_2", "labels": [{"name": "feature", "value": "Login"}, {"name": "severity", "value": "critical"}, {"name": "parentSuite", "value": "Tests"}, {"name": "suite", "value": "test_Login"}, {"name": "subSuite", "value": "TestLogin"}, {"name": "host", "value": "fv-az1391-799"}, {"name": "thread", "value": "2019-MainThread"}, {"name": "framework", "value": "pytest"}, {"name": "language", "value": "cpython3"}, {"name": "package", "value": "Tests.test_Login"}]}