{"name": "Visual check of the broken Home page after burger button click", "status": "failed", "statusDetails": {"message": "AssertionError: FAILURE: \ntest_Visual.py:58 in test_5() -> visual_comparison(driver, \"home_page\", \"after_burger_button_click\")\nVisualChack.py:29 in visual_comparison() -> with check, allure.step(f\"Visual check for {path} in {i} iteration\"):\nVisualChack.py:40 in visual_comparison -> assert mismatch == 0\nAssertionError\n\n\nFAILURE: \n------------------------------------------------------------\nFailed Checks: 2", "trace": "FAILURE: \ntest_Visual.py:58 in test_5() -> visual_comparison(driver, \"home_page\", \"after_burger_button_click\")\nVisualChack.py:29 in visual_comparison() -> with check, allure.step(f\"Visual check for {path} in {i} iteration\"):\nVisualChack.py:40 in visual_comparison -> assert mismatch == 0\nAssertionError\n\n\nFAILURE: \n------------------------------------------------------------\nFailed Checks: 2"}, "steps": [{"name": "Visual check for home_page in 1 iteration", "status": "failed", "statusDetails": {"message": "AssertionError\n", "trace": "  File \"/home/runner/work/new_demo_project/new_demo_project/Common/VisualChack.py\", line 40, in visual_comparison\n    assert mismatch == 0\n           ^^^^^^^^^^^^^\n"}, "attachments": [{"name": "screenshot", "source": "9acb12e5-8dc1-4511-bd69-16eca49b9bda-attachment.png", "type": "image/png"}], "start": 1738310792410, "stop": 1738310792515}, {"name": "Visual check for home_page in 2 iteration", "status": "failed", "statusDetails": {"message": "AssertionError\n", "trace": "  File \"/home/runner/work/new_demo_project/new_demo_project/Common/VisualChack.py\", line 40, in visual_comparison\n    assert mismatch == 0\n           ^^^^^^^^^^^^^\n"}, "attachments": [{"name": "screenshot", "source": "ce49b05b-b4c7-4f0a-9466-2cbfd859ff27-attachment.png", "type": "image/png"}], "start": 1738310794958, "stop": 1738310795046}], "parameters": [{"name": "driver", "value": "'Chrome'"}], "start": 1738310788946, "stop": 1738310795051, "uuid": "f4cd1dd4-43b5-4453-aea8-654b3763ed02", "historyId": "90887a40a5206a07d4cd02108ad0ff5f", "testCaseId": "6859598ad5c13c7ccc938efad1b00745", "fullName": "Tests.test_Visual.TestVisual#test_5", "labels": [{"name": "severity", "value": "normal"}, {"name": "feature", "value": "Home page"}, {"name": "parentSuite", "value": "Tests"}, {"name": "suite", "value": "test_Visual"}, {"name": "subSuite", "value": "TestVisual"}, {"name": "host", "value": "fv-az1940-417"}, {"name": "thread", "value": "1956-MainThread"}, {"name": "framework", "value": "pytest"}, {"name": "language", "value": "cpython3"}, {"name": "package", "value": "Tests.test_Visual"}]}