{"name": "Visual check of the broken Home page after burger button click", "status": "failed", "statusDetails": {"message": "AssertionError: FAILURE: \ntest_Visual.py:58 in test_5() -> visual_comparison(driver, \"home_page\", \"after_burger_button_click\")\nVisualChack.py:29 in visual_comparison() -> with check, allure.step(f\"Visual check for {path} in {i} iteration\"):\nVisualChack.py:40 in visual_comparison -> assert mismatch == 0\nAssertionError\n\n\nFAILURE: \n------------------------------------------------------------\nFailed Checks: 2", "trace": "FAILURE: \ntest_Visual.py:58 in test_5() -> visual_comparison(driver, \"home_page\", \"after_burger_button_click\")\nVisualChack.py:29 in visual_comparison() -> with check, allure.step(f\"Visual check for {path} in {i} iteration\"):\nVisualChack.py:40 in visual_comparison -> assert mismatch == 0\nAssertionError\n\n\nFAILURE: \n------------------------------------------------------------\nFailed Checks: 2"}, "steps": [{"name": "Visual check for home_page in 1 iteration", "status": "failed", "statusDetails": {"message": "AssertionError\n", "trace": "  File \"/home/runner/work/new_demo_project/new_demo_project/Common/VisualChack.py\", line 40, in visual_comparison\n    assert mismatch == 0\n           ^^^^^^^^^^^^^\n"}, "attachments": [{"name": "screenshot", "source": "499af577-061a-45d0-b51d-997164207339-attachment.png", "type": "image/png"}], "start": 1738310964542, "stop": 1738310964636}, {"name": "Visual check for home_page in 2 iteration", "status": "failed", "statusDetails": {"message": "AssertionError\n", "trace": "  File \"/home/runner/work/new_demo_project/new_demo_project/Common/VisualChack.py\", line 40, in visual_comparison\n    assert mismatch == 0\n           ^^^^^^^^^^^^^\n"}, "attachments": [{"name": "screenshot", "source": "cb44444b-e327-48fb-85f5-1651a82dd0c7-attachment.png", "type": "image/png"}], "start": 1738310967074, "stop": 1738310967161}], "parameters": [{"name": "driver", "value": "'Chrome'"}], "start": 1738310961050, "stop": 1738310967166, "uuid": "2a8f5318-8bdc-41c3-8e12-48187eeb8ea5", "historyId": "90887a40a5206a07d4cd02108ad0ff5f", "testCaseId": "6859598ad5c13c7ccc938efad1b00745", "fullName": "Tests.test_Visual.TestVisual#test_5", "labels": [{"name": "feature", "value": "Home page"}, {"name": "severity", "value": "normal"}, {"name": "parentSuite", "value": "Tests"}, {"name": "suite", "value": "test_Visual"}, {"name": "subSuite", "value": "TestVisual"}, {"name": "host", "value": "fv-az1670-954"}, {"name": "thread", "value": "2062-MainThread"}, {"name": "framework", "value": "pytest"}, {"name": "language", "value": "cpython3"}, {"name": "package", "value": "Tests.test_Visual"}]}