{"name": "Visual check of the broken Home page", "status": "failed", "statusDetails": {"message": "AssertionError: FAILURE: \ntest_Visual.py:48 in test_4() -> visual_comparison(driver, \"home_page\", \"main\")\nVisualChack.py:29 in visual_comparison() -> with check, allure.step(f\"Visual check for {path} in {i} iteration\"):\nVisualChack.py:40 in visual_comparison -> assert mismatch == 0\nAssertionError\n\n\nFAILURE: \n------------------------------------------------------------\nFailed Checks: 2", "trace": "FAILURE: \ntest_Visual.py:48 in test_4() -> visual_comparison(driver, \"home_page\", \"main\")\nVisualChack.py:29 in visual_comparison() -> with check, allure.step(f\"Visual check for {path} in {i} iteration\"):\nVisualChack.py:40 in visual_comparison -> assert mismatch == 0\nAssertionError\n\n\nFAILURE: \n------------------------------------------------------------\nFailed Checks: 2"}, "steps": [{"name": "Visual check for home_page in 1 iteration", "status": "failed", "statusDetails": {"message": "AssertionError\n", "trace": "  File \"/home/runner/work/new_demo_project/new_demo_project/Common/VisualChack.py\", line 40, in visual_comparison\n    assert mismatch == 0\n           ^^^^^^^^^^^^^\n"}, "attachments": [{"name": "screenshot", "source": "a2b603f9-dbdc-423a-8371-6464d11ed014-attachment.png", "type": "image/png"}], "start": 1738310786314, "stop": 1738310786400}, {"name": "Visual check for home_page in 2 iteration", "status": "failed", "statusDetails": {"message": "AssertionError\n", "trace": "  File \"/home/runner/work/new_demo_project/new_demo_project/Common/VisualChack.py\", line 40, in visual_comparison\n    assert mismatch == 0\n           ^^^^^^^^^^^^^\n"}, "attachments": [{"name": "screenshot", "source": "b1dd72a4-b4e3-4506-b269-8579106ce884-attachment.png", "type": "image/png"}], "start": 1738310788847, "stop": 1738310788940}], "parameters": [{"name": "driver", "value": "'Chrome'"}], "start": 1738310783584, "stop": 1738310788945, "uuid": "91318882-3c46-40e8-b080-c72913ab9485", "historyId": "a63d0da9aa898c4e205a4c9fa4714c3e", "testCaseId": "75bd2d1763892b848a63ac394c5b5368", "fullName": "Tests.test_Visual.TestVisual#test_4", "labels": [{"name": "severity", "value": "normal"}, {"name": "feature", "value": "Home page"}, {"name": "parentSuite", "value": "Tests"}, {"name": "suite", "value": "test_Visual"}, {"name": "subSuite", "value": "TestVisual"}, {"name": "host", "value": "fv-az1940-417"}, {"name": "thread", "value": "1956-MainThread"}, {"name": "framework", "value": "pytest"}, {"name": "language", "value": "cpython3"}, {"name": "package", "value": "Tests.test_Visual"}]}