{"name": "Visual check of the broken Home page", "status": "failed", "statusDetails": {"message": "AssertionError: FAILURE: \ntest_Visual.py:48 in test_4() -> visual_comparison(driver, \"home_page\", \"main\")\nVisualChack.py:29 in visual_comparison() -> with check, allure.step(f\"Visual check for {path} in {i} iteration\"):\nVisualChack.py:40 in visual_comparison -> assert mismatch == 0\nAssertionError\n\n\nFAILURE: \n------------------------------------------------------------\nFailed Checks: 2", "trace": "FAILURE: \ntest_Visual.py:48 in test_4() -> visual_comparison(driver, \"home_page\", \"main\")\nVisualChack.py:29 in visual_comparison() -> with check, allure.step(f\"Visual check for {path} in {i} iteration\"):\nVisualChack.py:40 in visual_comparison -> assert mismatch == 0\nAssertionError\n\n\nFAILURE: \n------------------------------------------------------------\nFailed Checks: 2"}, "steps": [{"name": "Visual check for home_page in 1 iteration", "status": "failed", "statusDetails": {"message": "AssertionError\n", "trace": "  File \"/home/runner/work/new_demo_project/new_demo_project/Common/VisualChack.py\", line 40, in visual_comparison\n    assert mismatch == 0\n           ^^^^^^^^^^^^^\n"}, "attachments": [{"name": "screenshot", "source": "a406026e-ecb0-4983-adc2-a6cd3b8b0f08-attachment.png", "type": "image/png"}], "start": 1738310958369, "stop": 1738310958467}, {"name": "Visual check for home_page in 2 iteration", "status": "failed", "statusDetails": {"message": "AssertionError\n", "trace": "  File \"/home/runner/work/new_demo_project/new_demo_project/Common/VisualChack.py\", line 40, in visual_comparison\n    assert mismatch == 0\n           ^^^^^^^^^^^^^\n"}, "attachments": [{"name": "screenshot", "source": "a7eac3e2-d152-48a0-a94b-0ce79082feee-attachment.png", "type": "image/png"}], "start": 1738310960950, "stop": 1738310961043}], "parameters": [{"name": "driver", "value": "'Chrome'"}], "start": 1738310955660, "stop": 1738310961048, "uuid": "ddd6948f-e589-4f9e-af34-ec4ad0634a34", "historyId": "a63d0da9aa898c4e205a4c9fa4714c3e", "testCaseId": "75bd2d1763892b848a63ac394c5b5368", "fullName": "Tests.test_Visual.TestVisual#test_4", "labels": [{"name": "feature", "value": "Home page"}, {"name": "severity", "value": "normal"}, {"name": "parentSuite", "value": "Tests"}, {"name": "suite", "value": "test_Visual"}, {"name": "subSuite", "value": "TestVisual"}, {"name": "host", "value": "fv-az1670-954"}, {"name": "thread", "value": "2062-MainThread"}, {"name": "framework", "value": "pytest"}, {"name": "language", "value": "cpython3"}, {"name": "package", "value": "Tests.test_Visual"}]}