{"uid":"64d1288dade3dfe3","name":"Visual check of the broken Home page","fullName":"Tests.test_Visual.TestVisual#test_4","historyId":"a63d0da9aa898c4e205a4c9fa4714c3e","time":{"start":1739674091306,"stop":1739674096568,"duration":5262},"status":"failed","statusMessage":"AssertionError: FAILURE: \ntest_Visual.py:48 in test_4() -> visual_comparison(driver, \"home_page\", \"main\")\nVisualChack.py:29 in visual_comparison() -> with check, allure.step(f\"Visual check for {path} in {i} iteration\"):\nVisualChack.py:40 in visual_comparison -> assert mismatch == 0\nAssertionError\n\n\nFAILURE: \n------------------------------------------------------------\nFailed Checks: 2","statusTrace":"FAILURE: \ntest_Visual.py:48 in test_4() -> visual_comparison(driver, \"home_page\", \"main\")\nVisualChack.py:29 in visual_comparison() -> with check, allure.step(f\"Visual check for {path} in {i} iteration\"):\nVisualChack.py:40 in visual_comparison -> assert mismatch == 0\nAssertionError\n\n\nFAILURE: \n------------------------------------------------------------\nFailed Checks: 2","flaky":false,"newFailed":false,"newBroken":false,"newPassed":false,"retriesCount":0,"retriesStatusChange":false,"beforeStages":[{"name":"driver","time":{"start":1739674087838,"stop":1739674088102,"duration":264},"status":"passed","steps":[],"attachments":[],"parameters":[],"shouldDisplayMessage":false,"stepsCount":0,"attachmentsCount":0,"hasContent":false,"attachmentStep":false}],"testStage":{"status":"failed","statusMessage":"AssertionError: FAILURE: \ntest_Visual.py:48 in test_4() -> visual_comparison(driver, \"home_page\", \"main\")\nVisualChack.py:29 in visual_comparison() -> with check, allure.step(f\"Visual check for {path} in {i} iteration\"):\nVisualChack.py:40 in visual_comparison -> assert mismatch == 0\nAssertionError\n\n\nFAILURE: \n------------------------------------------------------------\nFailed Checks: 2","statusTrace":"FAILURE: \ntest_Visual.py:48 in test_4() -> visual_comparison(driver, \"home_page\", \"main\")\nVisualChack.py:29 in visual_comparison() -> with check, allure.step(f\"Visual check for {path} in {i} iteration\"):\nVisualChack.py:40 in visual_comparison -> assert mismatch == 0\nAssertionError\n\n\nFAILURE: \n------------------------------------------------------------\nFailed Checks: 2","steps":[{"name":"Visual check for home_page in 1 iteration","time":{"start":1739674094008,"stop":1739674094108,"duration":100},"status":"failed","statusMessage":"AssertionError\n","statusTrace":"  File \"/home/runner/work/new_demo_project/new_demo_project/Common/VisualChack.py\", line 40, in visual_comparison\n    assert mismatch == 0\n           ^^^^^^^^^^^^^\n","steps":[],"attachments":[{"uid":"70313314c697f003","name":"screenshot","source":"70313314c697f003.png","type":"image/png","size":94744}],"parameters":[],"shouldDisplayMessage":true,"stepsCount":0,"attachmentsCount":1,"hasContent":true,"attachmentStep":false},{"name":"Visual check for home_page in 2 iteration","time":{"start":1739674096471,"stop":1739674096564,"duration":93},"status":"failed","statusMessage":"AssertionError\n","statusTrace":"  File \"/home/runner/work/new_demo_project/new_demo_project/Common/VisualChack.py\", line 40, in visual_comparison\n    assert mismatch == 0\n           ^^^^^^^^^^^^^\n","steps":[],"attachments":[{"uid":"c31870054ba0e70d","name":"screenshot","source":"c31870054ba0e70d.png","type":"image/png","size":87944}],"parameters":[],"shouldDisplayMessage":true,"stepsCount":0,"attachmentsCount":1,"hasContent":true,"attachmentStep":false}],"attachments":[],"parameters":[],"shouldDisplayMessage":true,"stepsCount":2,"attachmentsCount":2,"hasContent":true,"attachmentStep":false},"afterStages":[{"name":"driver::0","time":{"start":1739674102870,"stop":1739674102936,"duration":66},"status":"passed","steps":[],"attachments":[],"parameters":[],"shouldDisplayMessage":false,"stepsCount":0,"attachmentsCount":0,"hasContent":false,"attachmentStep":false}],"labels":[{"name":"feature","value":"Home page"},{"name":"severity","value":"normal"},{"name":"parentSuite","value":"Tests"},{"name":"suite","value":"test_Visual"},{"name":"subSuite","value":"TestVisual"},{"name":"host","value":"fv-az1335-749"},{"name":"thread","value":"1971-MainThread"},{"name":"framework","value":"pytest"},{"name":"language","value":"cpython3"},{"name":"package","value":"Tests.test_Visual"},{"name":"resultFormat","value":"allure2"}],"parameters":[{"name":"driver","value":"'Chrome'"}],"links":[],"hidden":true,"retry":true,"extra":{"categories":[],"tags":[]},"source":"64d1288dade3dfe3.json","parameterValues":["'Chrome'"]}