{"uid":"bc91d200b92e6c5a","name":"Visual check of the broken Home page after burger button click","fullName":"Tests.test_Visual.TestVisual#test_5","historyId":"90887a40a5206a07d4cd02108ad0ff5f","time":{"start":1739674138588,"stop":1739674144825,"duration":6237},"status":"failed","statusMessage":"AssertionError: FAILURE: \ntest_Visual.py:58 in test_5() -> visual_comparison(driver, \"home_page\", \"after_burger_button_click\")\nVisualChack.py:29 in visual_comparison() -> with check, allure.step(f\"Visual check for {path} in {i} iteration\"):\nVisualChack.py:40 in visual_comparison -> assert mismatch == 0\nAssertionError\n\n\nFAILURE: \n------------------------------------------------------------\nFailed Checks: 2","statusTrace":"FAILURE: \ntest_Visual.py:58 in test_5() -> visual_comparison(driver, \"home_page\", \"after_burger_button_click\")\nVisualChack.py:29 in visual_comparison() -> with check, allure.step(f\"Visual check for {path} in {i} iteration\"):\nVisualChack.py:40 in visual_comparison -> assert mismatch == 0\nAssertionError\n\n\nFAILURE: \n------------------------------------------------------------\nFailed Checks: 2","flaky":false,"newFailed":false,"newBroken":false,"newPassed":false,"retriesCount":1,"retriesStatusChange":false,"beforeStages":[{"name":"driver","time":{"start":1739674129936,"stop":1739674130203,"duration":267},"status":"passed","steps":[],"attachments":[],"parameters":[],"shouldDisplayMessage":false,"stepsCount":0,"attachmentsCount":0,"hasContent":false,"attachmentStep":false}],"testStage":{"status":"failed","statusMessage":"AssertionError: FAILURE: \ntest_Visual.py:58 in test_5() -> visual_comparison(driver, \"home_page\", \"after_burger_button_click\")\nVisualChack.py:29 in visual_comparison() -> with check, allure.step(f\"Visual check for {path} in {i} iteration\"):\nVisualChack.py:40 in visual_comparison -> assert mismatch == 0\nAssertionError\n\n\nFAILURE: \n------------------------------------------------------------\nFailed Checks: 2","statusTrace":"FAILURE: \ntest_Visual.py:58 in test_5() -> visual_comparison(driver, \"home_page\", \"after_burger_button_click\")\nVisualChack.py:29 in visual_comparison() -> with check, allure.step(f\"Visual check for {path} in {i} iteration\"):\nVisualChack.py:40 in visual_comparison -> assert mismatch == 0\nAssertionError\n\n\nFAILURE: \n------------------------------------------------------------\nFailed Checks: 2","steps":[{"name":"Visual check for home_page in 1 iteration","time":{"start":1739674142206,"stop":1739674142301,"duration":95},"status":"failed","statusMessage":"AssertionError\n","statusTrace":"  File \"/home/runner/work/new_demo_project/new_demo_project/Common/VisualChack.py\", line 40, in visual_comparison\n    assert mismatch == 0\n           ^^^^^^^^^^^^^\n","steps":[],"attachments":[{"uid":"2b6d0f523aba924e","name":"screenshot","source":"2b6d0f523aba924e.png","type":"image/png","size":85966}],"parameters":[],"shouldDisplayMessage":true,"stepsCount":0,"attachmentsCount":1,"hasContent":true,"attachmentStep":false},{"name":"Visual check for home_page in 2 iteration","time":{"start":1739674144731,"stop":1739674144821,"duration":90},"status":"failed","statusMessage":"AssertionError\n","statusTrace":"  File \"/home/runner/work/new_demo_project/new_demo_project/Common/VisualChack.py\", line 40, in visual_comparison\n    assert mismatch == 0\n           ^^^^^^^^^^^^^\n","steps":[],"attachments":[{"uid":"d6544fbf404ccaa0","name":"screenshot","source":"d6544fbf404ccaa0.png","type":"image/png","size":78259}],"parameters":[],"shouldDisplayMessage":true,"stepsCount":0,"attachmentsCount":1,"hasContent":true,"attachmentStep":false}],"attachments":[],"parameters":[],"shouldDisplayMessage":true,"stepsCount":2,"attachmentsCount":2,"hasContent":true,"attachmentStep":false},"afterStages":[{"name":"driver::0","time":{"start":1739674144825,"stop":1739674144891,"duration":66},"status":"passed","steps":[],"attachments":[],"parameters":[],"shouldDisplayMessage":false,"stepsCount":0,"attachmentsCount":0,"hasContent":false,"attachmentStep":false}],"labels":[{"name":"feature","value":"Home page"},{"name":"severity","value":"normal"},{"name":"parentSuite","value":"Tests"},{"name":"suite","value":"test_Visual"},{"name":"subSuite","value":"TestVisual"},{"name":"host","value":"fv-az1335-749"},{"name":"thread","value":"1939-MainThread"},{"name":"framework","value":"pytest"},{"name":"language","value":"cpython3"},{"name":"package","value":"Tests.test_Visual"},{"name":"resultFormat","value":"allure2"}],"parameters":[{"name":"driver","value":"'Chrome'"}],"links":[],"hidden":false,"retry":false,"extra":{"severity":"normal","retries":[{"uid":"e861fd36c823f6cb","status":"failed","statusDetails":"AssertionError: FAILURE: \ntest_Visual.py:58 in test_5() -> visual_comparison(driver, \"home_page\", \"after_burger_button_click\")\nVisualChack.py:29 in visual_comparison() -> with check, allure.step(f\"Visual check for {path} in {i} iteration\"):\nVisualChack.py:40 in visual_comparison -> assert mismatch == 0\nAssertionError\n\n\nFAILURE: \n------------------------------------------------------------\nFailed Checks: 2","time":{"start":1739674096570,"stop":1739674102869,"duration":6299}}],"categories":[{"name":"Product defects","matchedStatuses":[],"flaky":false}],"history":{"statistic":{"failed":5,"broken":0,"skipped":0,"passed":0,"unknown":0,"total":5},"items":[{"uid":"bb6dfb53e7862306","reportUrl":"https://Simeon-Zografov.github.io/new_demo_project/13//#testresult/bb6dfb53e7862306","status":"failed","statusDetails":"AssertionError: FAILURE: \ntest_Visual.py:58 in test_5() -> visual_comparison(driver, \"home_page\", \"after_burger_button_click\")\nVisualChack.py:29 in visual_comparison() -> with check, allure.step(f\"Visual check for {path} in {i} iteration\"):\nVisualChack.py:40 in visual_comparison -> assert mismatch == 0\nAssertionError\n\n\nFAILURE: \n------------------------------------------------------------\nFailed Checks: 2","time":{"start":1739069054940,"stop":1739069061082,"duration":6142}},{"uid":"585d3416783a9436","reportUrl":"https://Simeon-Zografov.github.io/new_demo_project/12//#testresult/585d3416783a9436","status":"failed","statusDetails":"AssertionError: FAILURE: \ntest_Visual.py:58 in test_5() -> visual_comparison(driver, \"home_page\", \"after_burger_button_click\")\nVisualChack.py:29 in visual_comparison() -> with check, allure.step(f\"Visual check for {path} in {i} iteration\"):\nVisualChack.py:40 in visual_comparison -> assert mismatch == 0\nAssertionError\n\n\nFAILURE: \n------------------------------------------------------------\nFailed Checks: 2","time":{"start":1738464158997,"stop":1738464165270,"duration":6273}},{"uid":"ed1bcc0f8496cee0","reportUrl":"https://Simeon-Zografov.github.io/new_demo_project/11//#testresult/ed1bcc0f8496cee0","status":"failed","statusDetails":"AssertionError: FAILURE: \ntest_Visual.py:58 in test_5() -> visual_comparison(driver, \"home_page\", \"after_burger_button_click\")\nVisualChack.py:29 in visual_comparison() -> with check, allure.step(f\"Visual check for {path} in {i} iteration\"):\nVisualChack.py:40 in visual_comparison -> assert mismatch == 0\nAssertionError\n\n\nFAILURE: \n------------------------------------------------------------\nFailed Checks: 2","time":{"start":1738310961050,"stop":1738310967166,"duration":6116}},{"uid":"80072c4c5711f309","reportUrl":"https://Simeon-Zografov.github.io/new_demo_project/10//#testresult/80072c4c5711f309","status":"failed","statusDetails":"AssertionError: FAILURE: \ntest_Visual.py:58 in test_5() -> visual_comparison(driver, \"home_page\", \"after_burger_button_click\")\nVisualChack.py:29 in visual_comparison() -> with check, allure.step(f\"Visual check for {path} in {i} iteration\"):\nVisualChack.py:40 in visual_comparison -> assert mismatch == 0\nAssertionError\n\n\nFAILURE: \n------------------------------------------------------------\nFailed Checks: 2","time":{"start":1738310788946,"stop":1738310795051,"duration":6105}}]},"tags":[]},"source":"bc91d200b92e6c5a.json","parameterValues":["'Chrome'"]}