{"uid":"4b4757e66a1912dae1a509f688f20b0f","children":[{"name":"Product defects","children":[{"name":"AssertionError: FAILURE: \ntest_Visual.py:48 in test_4() -> visual_comparison(driver, \"home_page\", \"main\")\nVisualChack.py:29 in visual_comparison() -> with check, allure.step(f\"Visual check for {path} in {i} iteration\"):\nVisualChack.py:40 in visual_comparison -> assert mismatch == 0\nAssertionError\n\n\nFAILURE: \n------------------------------------------------------------\nFailed Checks: 2","children":[{"name":"Visual check of the broken Home page","uid":"f096adf217db03d3","parentUid":"37113907a46f0155f0bd9161c48d178f","status":"failed","time":{"start":1738310955660,"stop":1738310961048,"duration":5388},"flaky":false,"newFailed":false,"newPassed":false,"newBroken":false,"retriesCount":0,"retriesStatusChange":false,"parameters":["'Chrome'"],"tags":[]}],"uid":"37113907a46f0155f0bd9161c48d178f"},{"name":"AssertionError: FAILURE: \ntest_Visual.py:58 in test_5() -> visual_comparison(driver, \"home_page\", \"after_burger_button_click\")\nVisualChack.py:29 in visual_comparison() -> with check, allure.step(f\"Visual check for {path} in {i} iteration\"):\nVisualChack.py:40 in visual_comparison -> assert mismatch == 0\nAssertionError\n\n\nFAILURE: \n------------------------------------------------------------\nFailed Checks: 2","children":[{"name":"Visual check of the broken Home page after burger button click","uid":"ed1bcc0f8496cee0","parentUid":"a8f76f9a3063de89cfb812da0e51bf80","status":"failed","time":{"start":1738310961050,"stop":1738310967166,"duration":6116},"flaky":false,"newFailed":false,"newPassed":false,"newBroken":false,"retriesCount":0,"retriesStatusChange":false,"parameters":["'Chrome'"],"tags":[]}],"uid":"a8f76f9a3063de89cfb812da0e51bf80"}],"uid":"8fb3a91ba5aaf9de24cc8a92edc82b5d"}],"name":"categories"}