{"uid":"9e390a68f250e6c9","name":"Successful login","fullName":"Tests.test_Login.TestLogin#test_2","historyId":"ce04ae5da7eb2137a09a57b9b398f855","time":{"start":1738464107207,"stop":1738464107674,"duration":467},"status":"failed","statusMessage":"AssertionError: FAILURE: \ntest_Login.py:57 in test_2() -> check_with_screenshot(\nBaseClass.py:19 in check_with_screenshot() -> with check, allure.step(message):\nBaseClass.py:26 in check_with_screenshot -> assert cond\nAssertionError\n\n\n------------------------------------------------------------\nFailed Checks: 1","statusTrace":"FAILURE: \ntest_Login.py:57 in test_2() -> check_with_screenshot(\nBaseClass.py:19 in check_with_screenshot() -> with check, allure.step(message):\nBaseClass.py:26 in check_with_screenshot -> assert cond\nAssertionError\n\n\n------------------------------------------------------------\nFailed Checks: 1","flaky":true,"newFailed":false,"newBroken":false,"newPassed":false,"retriesCount":0,"retriesStatusChange":false,"beforeStages":[{"name":"driver","time":{"start":1738464105911,"stop":1738464106131,"duration":220},"status":"passed","steps":[],"attachments":[],"parameters":[],"shouldDisplayMessage":false,"stepsCount":0,"attachmentsCount":0,"hasContent":false,"attachmentStep":false}],"testStage":{"status":"failed","statusMessage":"AssertionError: FAILURE: \ntest_Login.py:57 in test_2() -> check_with_screenshot(\nBaseClass.py:19 in check_with_screenshot() -> with check, allure.step(message):\nBaseClass.py:26 in check_with_screenshot -> assert cond\nAssertionError\n\n\n------------------------------------------------------------\nFailed Checks: 1","statusTrace":"FAILURE: \ntest_Login.py:57 in test_2() -> check_with_screenshot(\nBaseClass.py:19 in check_with_screenshot() -> with check, allure.step(message):\nBaseClass.py:26 in check_with_screenshot -> assert cond\nAssertionError\n\n\n------------------------------------------------------------\nFailed Checks: 1","steps":[{"name":"The app logo is visible after login","time":{"start":1738464107380,"stop":1738464107380,"duration":0},"status":"passed","steps":[],"attachments":[],"parameters":[],"shouldDisplayMessage":false,"stepsCount":0,"attachmentsCount":0,"hasContent":false,"attachmentStep":false},{"name":"The app logo text is correct after login","time":{"start":1738464107394,"stop":1738464107509,"duration":115},"status":"failed","statusMessage":"AssertionError\n","statusTrace":"  File \"/home/runner/work/new_demo_project/new_demo_project/Common/BaseClass.py\", line 26, in check_with_screenshot\n    assert cond\n           ^^^^\n","steps":[],"attachments":[{"uid":"bcbad8b001e0aa22","name":"screenshot","source":"bcbad8b001e0aa22.png","type":"image/png","size":302091}],"parameters":[],"shouldDisplayMessage":true,"stepsCount":0,"attachmentsCount":1,"hasContent":true,"attachmentStep":false},{"name":"The items are visible after login","time":{"start":1738464107521,"stop":1738464107521,"duration":0},"status":"passed","steps":[],"attachments":[],"parameters":[],"shouldDisplayMessage":false,"stepsCount":0,"attachmentsCount":0,"hasContent":false,"attachmentStep":false}],"attachments":[],"parameters":[],"shouldDisplayMessage":true,"stepsCount":3,"attachmentsCount":1,"hasContent":true,"attachmentStep":false},"afterStages":[{"name":"driver::0","time":{"start":1738464107675,"stop":1738464107741,"duration":66},"status":"passed","steps":[],"attachments":[],"parameters":[],"shouldDisplayMessage":false,"stepsCount":0,"attachmentsCount":0,"hasContent":false,"attachmentStep":false}],"labels":[{"name":"feature","value":"Login"},{"name":"severity","value":"critical"},{"name":"parentSuite","value":"Tests"},{"name":"suite","value":"test_Login"},{"name":"subSuite","value":"TestLogin"},{"name":"host","value":"fv-az1338-766"},{"name":"thread","value":"2031-MainThread"},{"name":"framework","value":"pytest"},{"name":"language","value":"cpython3"},{"name":"package","value":"Tests.test_Login"},{"name":"resultFormat","value":"allure2"}],"parameters":[{"name":"driver","value":"'Chrome'"}],"links":[],"hidden":false,"retry":false,"extra":{"severity":"critical","retries":[],"categories":[{"name":"Product defects","matchedStatuses":[],"flaky":false}],"history":{"statistic":{"failed":3,"broken":0,"skipped":0,"passed":2,"unknown":0,"total":5},"items":[{"uid":"77d23abf35b8bac3","reportUrl":"https://Simeon-Zografov.github.io/new_demo_project/8//#testresult/77d23abf35b8bac3","status":"failed","statusDetails":"AssertionError: FAILURE: \ntest_Login.py:57 in test_2() -> check_with_screenshot(\nBaseClass.py:19 in check_with_screenshot() -> with check, allure.step(message):\nBaseClass.py:26 in check_with_screenshot -> assert cond\nAssertionError\n\n\n------------------------------------------------------------\nFailed Checks: 1","time":{"start":1737859321508,"stop":1737859322016,"duration":508}},{"uid":"7b8d48a08c99aeed","reportUrl":"https://Simeon-Zografov.github.io/new_demo_project/7//#testresult/7b8d48a08c99aeed","status":"passed","time":{"start":1737703741572,"stop":1737703741945,"duration":373}},{"uid":"1aad6fd04bde8b82","reportUrl":"https://Simeon-Zografov.github.io/new_demo_project/6//#testresult/1aad6fd04bde8b82","status":"passed","time":{"start":1737700588367,"stop":1737700588733,"duration":366}},{"uid":"e662d0a7899f8cc","reportUrl":"https://Simeon-Zografov.github.io/new_demo_project/5//#testresult/e662d0a7899f8cc","status":"failed","statusDetails":"AssertionError: FAILURE: \ntest_Login.py:57 in test_2() -> check_with_screenshot(\nBaseClass.py:19 in check_with_screenshot() -> with check, allure.step(message):\nBaseClass.py:26 in check_with_screenshot -> assert cond\nAssertionError\n\n\n------------------------------------------------------------\nFailed Checks: 1","time":{"start":1737700024001,"stop":1737700024488,"duration":487}}]},"tags":[]},"source":"9e390a68f250e6c9.json","parameterValues":["'Chrome'"]}